<?xml version="1.0" encoding="UTF-8"?>
<coverage generated="1776163308">
  <project timestamp="1776163308" name="Clover Coverage">
    <package name="Revolution\Socialite\WordPress">
      <file name="/Users/logic/Sites/socialite-wordpress/src/WordPressProvider.php">
        <class name="Revolution\Socialite\WordPress\WordPressProvider" namespace="Revolution\Socialite\WordPress">
          <metrics complexity="4" methods="4" coveredmethods="4" conditionals="0" coveredconditionals="0" statements="17" coveredstatements="17" elements="21" coveredelements="21"/>
        </class>
        <line num="30" type="method" name="getAuthUrl" visibility="protected" complexity="1" crap="1" count="3"/>
        <line num="32" type="stmt" count="3"/>
        <line num="34" type="stmt" count="3"/>
        <line num="40" type="method" name="getTokenUrl" visibility="protected" complexity="1" crap="1" count="5"/>
        <line num="42" type="stmt" count="5"/>
        <line num="48" type="method" name="getUserByToken" visibility="protected" complexity="1" crap="1" count="5"/>
        <line num="50" type="stmt" count="5"/>
        <line num="51" type="stmt" count="5"/>
        <line num="52" type="stmt" count="5"/>
        <line num="53" type="stmt" count="5"/>
        <line num="54" type="stmt" count="5"/>
        <line num="55" type="stmt" count="5"/>
        <line num="57" type="stmt" count="5"/>
        <line num="63" type="method" name="mapUserToObject" visibility="protected" complexity="1" crap="1" count="7"/>
        <line num="65" type="stmt" count="7"/>
        <line num="66" type="stmt" count="7"/>
        <line num="67" type="stmt" count="7"/>
        <line num="68" type="stmt" count="7"/>
        <line num="69" type="stmt" count="7"/>
        <line num="70" type="stmt" count="7"/>
        <line num="71" type="stmt" count="7"/>
        <metrics loc="74" ncloc="52" classes="1" methods="4" coveredmethods="4" conditionals="0" coveredconditionals="0" statements="17" coveredstatements="17" elements="21" coveredelements="21"/>
      </file>
      <file name="/Users/logic/Sites/socialite-wordpress/src/WordPressServiceProvider.php">
        <class name="Revolution\Socialite\WordPress\WordPressServiceProvider" namespace="Revolution\Socialite\WordPress">
          <metrics complexity="1" methods="1" coveredmethods="1" conditionals="0" coveredconditionals="0" statements="4" coveredstatements="4" elements="5" coveredelements="5"/>
        </class>
        <line num="15" type="method" name="boot" visibility="public" complexity="1" crap="1" count="13"/>
        <line num="17" type="stmt" count="13"/>
        <line num="18" type="stmt" count="1"/>
        <line num="20" type="stmt" count="1"/>
        <line num="21" type="stmt" count="13"/>
        <metrics loc="24" ncloc="19" classes="1" methods="1" coveredmethods="1" conditionals="0" coveredconditionals="0" statements="4" coveredstatements="4" elements="5" coveredelements="5"/>
      </file>
    </package>
    <metrics files="2" loc="98" ncloc="71" classes="2" methods="5" coveredmethods="5" conditionals="0" coveredconditionals="0" statements="21" coveredstatements="21" elements="26" coveredelements="26"/>
  </project>
</coverage>
